<?xml version="1.0" encoding="UTF-8"?>
<!-- Generated by org.testng.reporters.JUnitReportReporter -->
<testsuite hostname="pc-Sri" failures="0" tests="1" name="cucumber.Options.JUnitTest" time="0.015" errors="0" timestamp="2025-02-10T13:58:37 IST" skipped="0">
  <testcase classname="cucumber.Options.JUnitTest" name="test" time="0.015"/>
</testsuite> <!-- cucumber.Options.JUnitTest -->
